Сборка начата 14.09.2022 17:23:24.
Уровень детализации журнала: Normal.     1>Проект "D:\лабы\ОПИ\1-2лаба\HelloWorld\Lab_02\Lab_02.vcxproj" в узле 2 (целевые объекты Build).
     1>InitializeBuildStatus:
         Обращение к "Release\Lab_02.tlog\unsuccessfulbuild".
       ClCompile:
         Для всех выходных данных обновления не требуется.
       Link:
         C:\Program Files\Microsoft Visual Studio\2022\Community\VC\Tools\MSVC\14.33.31629\bin\HostX86\x86\link.exe /ERRORREPORT:PROMPT /OUT:"D:\лабы\ОПИ\1-2лаба\HelloWorld\Release\Lab_02.exe" /NOLOGO kernel32.lib user32.lib gdi32.lib winspool.lib comdlg32.lib advapi32.lib shell32.lib ole32.lib oleaut32.lib uuid.lib odbc32.lib odbccp32.lib /MANIFEST /MANIFESTUAC:"level='asInvoker' uiAccess='false'" /manifest:embed /DEBUG /PDB:"D:\лабы\ОПИ\1-2лаба\HelloWorld\Release\Lab_02.pdb" /SUBSYSTEM:CONSOLE /OPT:REF /OPT:ICF /LTCG:incremental /LTCGOUT:"Release\Lab_02.iobj" /TLBID:1 /DYNAMICBASE /NXCOMPAT /IMPLIB:"D:\лабы\ОПИ\1-2лаба\HelloWorld\Release\Lab_02.lib" /MACHINE:X86 /SAFESEH Release\lab02.obj
         Создание кода
         Previous IPDB not found, fall back to full compilation.
         All 11 functions were compiled because no usable IPDB/IOBJ from previous compilation was found.
         Создание кода завершено
         Lab_02.vcxproj -> D:\лабы\ОПИ\1-2лаба\HelloWorld\Release\Lab_02.exe
       FinalizeBuildStatus:
         Файл "Release\Lab_02.tlog\unsuccessfulbuild" удаляется.
         Обращение к "Release\Lab_02.tlog\Lab_02.lastbuildstate".
     1>Сборка проекта "D:\лабы\ОПИ\1-2лаба\HelloWorld\Lab_02\Lab_02.vcxproj" завершена (целевые объекты Build).

Сборка успешно завершена.
    Предупреждений: 0
    Ошибок: 0

Прошло времени 00:00:00.29
