Сборка начата 14.09.2022 17:16:24.
Уровень детализации журнала: Normal.     1>Проект "D:\лабы\ОПИ\1-2лаба\HelloWorld\Lab_02\Lab_02.vcxproj" в узле 2 (целевые объекты Rebuild).
     1>_PrepareForClean:
         Файл "Debug\Lab_02.tlog\Lab_02.lastbuildstate" удаляется.
       InitializeBuildStatus:
         Создание "Debug\Lab_02.tlog\unsuccessfulbuild", так как было задано "AlwaysCreate".
       ClCompile:
         C:\Program Files\Microsoft Visual Studio\2022\Community\VC\Tools\MSVC\14.33.31629\bin\HostX86\x86\CL.exe /c /ZI /JMC /nologo /W3 /WX- /diagnostics:column /sdl /Od /Oy- /D WIN32 /D _DEBUG /D _CONSOLE /D _UNICODE /D UNICODE /Gm- /EHsc /RTC1 /MDd /GS /fp:precise /Zc:wchar_t /Zc:forScope /Zc:inline /permissive- /Fo"Debug\\" /Fd"Debug\vc143.pdb" /external:W3 /Gd /TP /analyze- /FC /errorReport:prompt lab02.cpp
         lab02.cpp
       Link:
         C:\Program Files\Microsoft Visual Studio\2022\Community\VC\Tools\MSVC\14.33.31629\bin\HostX86\x86\link.exe /ERRORREPORT:PROMPT /OUT:"D:\лабы\ОПИ\1-2лаба\HelloWorld\Debug\Lab_02.exe" /INCREMENTAL /ILK:"Debug\Lab_02.ilk" /NOLOGO kernel32.lib user32.lib gdi32.lib winspool.lib comdlg32.lib advapi32.lib shell32.lib ole32.lib oleaut32.lib uuid.lib odbc32.lib odbccp32.lib /MANIFEST /MANIFESTUAC:"level='asInvoker' uiAccess='false'" /manifest:embed /DEBUG /PDB:"D:\лабы\ОПИ\1-2лаба\HelloWorld\Debug\Lab_02.pdb" /SUBSYSTEM:CONSOLE /TLBID:1 /DYNAMICBASE /NXCOMPAT /IMPLIB:"D:\лабы\ОПИ\1-2лаба\HelloWorld\Debug\Lab_02.lib" /MACHINE:X86 Debug\lab02.obj
         Lab_02.vcxproj -> D:\лабы\ОПИ\1-2лаба\HelloWorld\Debug\Lab_02.exe
       FinalizeBuildStatus:
         Файл "Debug\Lab_02.tlog\unsuccessfulbuild" удаляется.
         Обращение к "Debug\Lab_02.tlog\Lab_02.lastbuildstate".
     1>Сборка проекта "D:\лабы\ОПИ\1-2лаба\HelloWorld\Lab_02\Lab_02.vcxproj" завершена (целевые объекты Rebuild).

Сборка успешно завершена.
    Предупреждений: 0
    Ошибок: 0

Прошло времени 00:00:01.23
