Сборка начата 16.11.2022 0:13:54.
Уровень детализации журнала: Normal.     1>Проект "D:\лабы\ОПИ\8 лаба\lab08\ex2\ex2.vcxproj" в узле 2 (целевые объекты Build).
     1>PrepareForBuild:
         Создание каталога "x64\Debug\ex2.tlog\".
       InitializeBuildStatus:
         Создание "x64\Debug\ex2.tlog\unsuccessfulbuild", так как было задано "AlwaysCreate".
       ClCompile:
         C:\Program Files\Microsoft Visual Studio\2022\Community\VC\Tools\MSVC\14.34.31933\bin\HostX64\x64\CL.exe /c /ZI /JMC /nologo /W3 /WX- /diagnostics:column /sdl /Od /D _DEBUG /D _CONSOLE /D _UNICODE /D UNICODE /Gm- /EHsc /RTC1 /MDd /GS /fp:precise /Zc:wchar_t /Zc:forScope /Zc:inline /permissive- /Fo"x64\Debug\\" /Fd"x64\Debug\vc143.pdb" /external:W3 /Gd /TP /FC /errorReport:prompt "lab-5.cpp"
         lab-5.cpp
       Link:
         C:\Program Files\Microsoft Visual Studio\2022\Community\VC\Tools\MSVC\14.34.31933\bin\HostX64\x64\link.exe /ERRORREPORT:PROMPT /OUT:"D:\лабы\ОПИ\8 лаба\lab08\x64\Debug\ex2.exe" /INCREMENTAL /ILK:"x64\Debug\ex2.ilk" /NOLOGO kernel32.lib user32.lib gdi32.lib winspool.lib comdlg32.lib advapi32.lib shell32.lib ole32.lib oleaut32.lib uuid.lib odbc32.lib odbccp32.lib /MANIFEST /MANIFESTUAC:"level='asInvoker' uiAccess='false'" /manifest:embed /DEBUG /PDB:"D:\лабы\ОПИ\8 лаба\lab08\x64\Debug\ex2.pdb" /SUBSYSTEM:CONSOLE /TLBID:1 /DYNAMICBASE /NXCOMPAT /IMPLIB:"D:\лабы\ОПИ\8 лаба\lab08\x64\Debug\ex2.lib" /MACHINE:X64 "x64\Debug\lab-5.obj"
         ex2.vcxproj -> D:\лабы\ОПИ\8 лаба\lab08\x64\Debug\ex2.exe
       FinalizeBuildStatus:
         Файл "x64\Debug\ex2.tlog\unsuccessfulbuild" удаляется.
         Обращение к "x64\Debug\ex2.tlog\ex2.lastbuildstate".
     1>Сборка проекта "D:\лабы\ОПИ\8 лаба\lab08\ex2\ex2.vcxproj" завершена (целевые объекты Build).

Сборка успешно завершена.
    Предупреждений: 0
    Ошибок: 0

Прошло времени 00:00:01.22
