Сборка начата 09.11.2022 14:09:34.
Уровень детализации журнала: Normal.     1>Проект "D:\лабы\ОПИ\6 лаба\lab6\add\add.vcxproj" в узле 2 (целевые объекты Build).
     1>InitializeBuildStatus:
         Обращение к "x64\Debug\add.tlog\unsuccessfulbuild".
       ClCompile:
         C:\Program Files\Microsoft Visual Studio\2022\Community\VC\Tools\MSVC\14.33.31629\bin\HostX64\x64\CL.exe /c /ZI /JMC /nologo /W3 /WX- /diagnostics:column /sdl /Od /D _DEBUG /D _CONSOLE /D _UNICODE /D UNICODE /Gm- /EHsc /RTC1 /MDd /GS /fp:precise /Zc:wchar_t /Zc:forScope /Zc:inline /permissive- /Fo"x64\Debug\\" /Fd"x64\Debug\vc143.pdb" /external:W3 /Gd /TP /FC /errorReport:prompt add.cpp division.cpp
         add.cpp
         division.cpp
         Создание кода...
       Link:
         C:\Program Files\Microsoft Visual Studio\2022\Community\VC\Tools\MSVC\14.33.31629\bin\HostX64\x64\link.exe /ERRORREPORT:PROMPT /OUT:"D:\лабы\ОПИ\6 лаба\lab6\x64\Debug\add.exe" /INCREMENTAL /ILK:"x64\Debug\add.ilk" /NOLOGO kernel32.lib user32.lib gdi32.lib winspool.lib comdlg32.lib advapi32.lib shell32.lib ole32.lib oleaut32.lib uuid.lib odbc32.lib odbccp32.lib /MANIFEST /MANIFESTUAC:"level='asInvoker' uiAccess='false'" /manifest:embed /DEBUG /PDB:"D:\лабы\ОПИ\6 лаба\lab6\x64\Debug\add.pdb" /SUBSYSTEM:CONSOLE /TLBID:1 /DYNAMICBASE /NXCOMPAT /IMPLIB:"D:\лабы\ОПИ\6 лаба\lab6\x64\Debug\add.lib" /MACHINE:X64 x64\Debug\add.obj
         x64\Debug\division.obj
         add.vcxproj -> D:\лабы\ОПИ\6 лаба\lab6\x64\Debug\add.exe
       FinalizeBuildStatus:
         Файл "x64\Debug\add.tlog\unsuccessfulbuild" удаляется.
         Обращение к "x64\Debug\add.tlog\add.lastbuildstate".
     1>Сборка проекта "D:\лабы\ОПИ\6 лаба\lab6\add\add.vcxproj" завершена (целевые объекты Build).

Сборка успешно завершена.
    Предупреждений: 0
    Ошибок: 0

Прошло времени 00:00:00.80
